This is pdfTeX, Version 3.141592653-2.6-1.40.25 (TeX Live 2023) (preloaded format=pdflatex 2023.9.9)  9 SEP 2023 13:06
entering extended mode
 restricted \write18 enabled.
 file:line:error style messages enabled.
 %&-line parsing enabled.
**"c:/Users/USER/Documents/Latex/Reporte Final/Main.tex"
(c:/Users/USER/Documents/Latex/Reporte Final/Main.tex
LaTeX2e <2023-06-01> patch level 1
L3 programming layer <2023-08-29>
(c:/texlive/2023/texmf-dist/tex/latex/base/report.cls
Document Class: report 2023/05/17 v1.4n Standard LaTeX document class
(c:/texlive/2023/texmf-dist/tex/latex/base/size10.clo
File: size10.clo 2023/05/17 v1.4n Standard LaTeX file (size option)
)
\c@part=\count185
\c@chapter=\count186
\c@section=\count187
\c@subsection=\count188
\c@subsubsection=\count189
\c@paragraph=\count190
\c@subparagraph=\count191
\c@figure=\count192
\c@table=\count193
\abovecaptionskip=\skip48
\belowcaptionskip=\skip49
\bibindent=\dimen140
) (c:/texlive/2023/texmf-dist/tex/latex/base/fontenc.sty
Package: fontenc 2021/04/29 v2.0v Standard LaTeX package
) (c:/texlive/2023/texmf-dist/tex/latex/amsmath/amsmath.sty
Package: amsmath 2023/05/13 v2.17o AMS math features
\@mathmargin=\skip50

For additional information on amsmath, use the `?' option.
(c:/texlive/2023/texmf-dist/tex/latex/amsmath/amstext.sty
Package: amstext 2021/08/26 v2.01 AMS text
 (c:/texlive/2023/texmf-dist/tex/latex/amsmath/amsgen.sty
File: amsgen.sty 1999/11/30 v2.0 generic functions
\@emptytoks=\toks17
\ex@=\dimen141
)) (c:/texlive/2023/texmf-dist/tex/latex/amsmath/amsbsy.sty
Package: amsbsy 1999/11/29 v1.2d Bold Symbols
\pmbraise@=\dimen142
) (c:/texlive/2023/texmf-dist/tex/latex/amsmath/amsopn.sty
Package: amsopn 2022/04/08 v2.04 operator names
)
\inf@bad=\count194
LaTeX Info: Redefining \frac on input line 234.
\uproot@=\count195
\leftroot@=\count196
LaTeX Info: Redefining \overline on input line 399.
LaTeX Info: Redefining \colon on input line 410.
\classnum@=\count197
\DOTSCASE@=\count198
LaTeX Info: Redefining \ldots on input line 496.
LaTeX Info: Redefining \dots on input line 499.
LaTeX Info: Redefining \cdots on input line 620.
\Mathstrutbox@=\box51
\strutbox@=\box52
LaTeX Info: Redefining \big on input line 722.
LaTeX Info: Redefining \Big on input line 723.
LaTeX Info: Redefining \bigg on input line 724.
LaTeX Info: Redefining \Bigg on input line 725.
\big@size=\dimen143
LaTeX Font Info:    Redeclaring font encoding OML on input line 743.
LaTeX Font Info:    Redeclaring font encoding OMS on input line 744.
\macc@depth=\count199
LaTeX Info: Redefining \bmod on input line 905.
LaTeX Info: Redefining \pmod on input line 910.
LaTeX Info: Redefining \smash on input line 940.
LaTeX Info: Redefining \relbar on input line 970.
LaTeX Info: Redefining \Relbar on input line 971.
\c@MaxMatrixCols=\count266
\dotsspace@=\muskip16
\c@parentequation=\count267
\dspbrk@lvl=\count268
\tag@help=\toks18
\row@=\count269
\column@=\count270
\maxfields@=\count271
\andhelp@=\toks19
\eqnshift@=\dimen144
\alignsep@=\dimen145
\tagshift@=\dimen146
\tagwidth@=\dimen147
\totwidth@=\dimen148
\lineht@=\dimen149
\@envbody=\toks20
\multlinegap=\skip51
\multlinetaggap=\skip52
\mathdisplay@stack=\toks21
LaTeX Info: Redefining \[ on input line 2953.
LaTeX Info: Redefining \] on input line 2954.
) (c:/texlive/2023/texmf-dist/tex/generic/babel/babel.sty
Package: babel 2023/08/29 v3.93 The Babel package
\babel@savecnt=\count272
\U@D=\dimen150
\l@unhyphenated=\language87
 (c:/texlive/2023/texmf-dist/tex/generic/babel/txtbabel.def)
\bbl@readstream=\read2
\bbl@dirlevel=\count273
 (c:/texlive/2023/texmf-dist/tex/generic/babel-english/english.ldf
Language: english 2017/06/06 v3.3r English support from the babel system
Package babel Info: Hyphen rules for 'canadian' set to \l@english
(babel)             (\language0). Reported on input line 102.
Package babel Info: Hyphen rules for 'australian' set to \l@ukenglish
(babel)             (\language21). Reported on input line 105.
Package babel Info: Hyphen rules for 'newzealand' set to \l@ukenglish
(babel)             (\language21). Reported on input line 108.
) (c:/texlive/2023/texmf-dist/tex/generic/babel-spanish/spanish.ldf
Language: spanish.ldf 2021/05/27 v5.0q Spanish support from the babel system
\es@quottoks=\toks22
\es@quotdepth=\count274
Package babel Info: Making " an active character on input line 570.
)) (c:/texlive/2023/texmf-dist/tex/generic/babel/locale/es/babel-spanish.tex
Package babel Info: Importing font and identification data for spanish
(babel)             from babel-es.ini. Reported on input line 11.
) (c:/texlive/2023/texmf-dist/tex/generic/babel/locale/en/babel-english.tex
Package babel Info: Importing font and identification data for english
(babel)             from babel-en.ini. Reported on input line 11.
)
LaTeX Info: Redefining \. on input line 11.
LaTeX Info: Redefining \% on input line 11.
 (c:/texlive/2023/texmf-dist/tex/latex/natbib/natbib.sty
Package: natbib 2010/09/13 8.31b (PWD, AO)
\bibhang=\skip53
\bibsep=\skip54
LaTeX Info: Redefining \cite on input line 694.
\c@NAT@ctr=\count275
) (c:/texlive/2023/texmf-dist/tex/latex/tocbibind/tocbibind.sty
Package: tocbibind 2010/10/13 v1.5k extra ToC listings
Package tocbibind Info: The document has chapter divisions on input line 50.


Package tocbibind Note: Using chapter style headings, unless overridden.

) (c:/texlive/2023/texmf-dist/tex/latex/hyperref/hyperref.sty
Package: hyperref 2023-07-08 v7.01b Hypertext links for LaTeX
 (c:/texlive/2023/texmf-dist/tex/generic/ltxcmds/ltxcmds.sty
Package: ltxcmds 2020-05-10 v1.25 LaTeX kernel commands for general use (HO)
) (c:/texlive/2023/texmf-dist/tex/generic/iftex/iftex.sty
Package: iftex 2022/02/03 v1.0f TeX engine tests
) (c:/texlive/2023/texmf-dist/tex/generic/pdftexcmds/pdftexcmds.sty
Package: pdftexcmds 2020-06-27 v0.33 Utility functions of pdfTeX for LuaTeX (HO)
 (c:/texlive/2023/texmf-dist/tex/generic/infwarerr/infwarerr.sty
Package: infwarerr 2019/12/03 v1.5 Providing info/warning/error messages (HO)
)
Package pdftexcmds Info: \pdf@primitive is available.
Package pdftexcmds Info: \pdf@ifprimitive is available.
Package pdftexcmds Info: \pdfdraftmode found.
) (c:/texlive/2023/texmf-dist/tex/latex/graphics/keyval.sty
Package: keyval 2022/05/29 v1.15 key=value parser (DPC)
\KV@toks@=\toks23
) (c:/texlive/2023/texmf-dist/tex/latex/kvsetkeys/kvsetkeys.sty
Package: kvsetkeys 2022-10-05 v1.19 Key value parser (HO)
) (c:/texlive/2023/texmf-dist/tex/generic/kvdefinekeys/kvdefinekeys.sty
Package: kvdefinekeys 2019-12-19 v1.6 Define keys (HO)
) (c:/texlive/2023/texmf-dist/tex/generic/pdfescape/pdfescape.sty
Package: pdfescape 2019/12/09 v1.15 Implements pdfTeX's escape features (HO)
) (c:/texlive/2023/texmf-dist/tex/latex/hycolor/hycolor.sty
Package: hycolor 2020-01-27 v1.10 Color options for hyperref/bookmark (HO)
) (c:/texlive/2023/texmf-dist/tex/latex/letltxmacro/letltxmacro.sty
Package: letltxmacro 2019/12/03 v1.6 Let assignment for LaTeX macros (HO)
) (c:/texlive/2023/texmf-dist/tex/latex/auxhook/auxhook.sty
Package: auxhook 2019-12-17 v1.6 Hooks for auxiliary files (HO)
) (c:/texlive/2023/texmf-dist/tex/latex/hyperref/nameref.sty
Package: nameref 2023-08-07 v2.53 Cross-referencing by name of section
 (c:/texlive/2023/texmf-dist/tex/latex/refcount/refcount.sty
Package: refcount 2019/12/15 v3.6 Data extraction from label references (HO)
) (c:/texlive/2023/texmf-dist/tex/generic/gettitlestring/gettitlestring.sty
Package: gettitlestring 2019/12/15 v1.6 Cleanup title references (HO)
 (c:/texlive/2023/texmf-dist/tex/latex/kvoptions/kvoptions.sty
Package: kvoptions 2022-06-15 v3.15 Key value format for package options (HO)
))
\c@section@level=\count276
) (c:/texlive/2023/texmf-dist/tex/latex/etoolbox/etoolbox.sty
Package: etoolbox 2020/10/05 v2.5k e-TeX tools for LaTeX (JAW)
\etb@tempcnta=\count277
)
\@linkdim=\dimen151
\Hy@linkcounter=\count278
\Hy@pagecounter=\count279
 (c:/texlive/2023/texmf-dist/tex/latex/hyperref/pd1enc.def
File: pd1enc.def 2023-07-08 v7.01b Hyperref: PDFDocEncoding definition (HO)
Now handling font encoding PD1 ...
... no UTF-8 mapping file for font encoding PD1
) (c:/texlive/2023/texmf-dist/tex/generic/intcalc/intcalc.sty
Package: intcalc 2019/12/15 v1.3 Expandable calculations with integers (HO)
)
\Hy@SavedSpaceFactor=\count280
 (c:/texlive/2023/texmf-dist/tex/latex/hyperref/puenc.def
File: puenc.def 2023-07-08 v7.01b Hyperref: PDF Unicode definition (HO)
Now handling font encoding PU ...
... no UTF-8 mapping file for font encoding PU
)
Package hyperref Info: Hyper figures OFF on input line 4167.
Package hyperref Info: Link nesting OFF on input line 4172.
Package hyperref Info: Hyper index ON on input line 4175.
Package hyperref Info: Plain pages OFF on input line 4182.
Package hyperref Info: Backreferencing OFF on input line 4187.
Package hyperref Info: Implicit mode ON; LaTeX internals redefined.
Package hyperref Info: Bookmarks ON on input line 4434.
\c@Hy@tempcnt=\count281
 (c:/texlive/2023/texmf-dist/tex/latex/url/url.sty
\Urlmuskip=\muskip17
Package: url 2013/09/16  ver 3.4  Verb mode for urls, etc.
)
LaTeX Info: Redefining \url on input line 4772.
\XeTeXLinkMargin=\dimen152
 (c:/texlive/2023/texmf-dist/tex/generic/bitset/bitset.sty
Package: bitset 2019/12/09 v1.3 Handle bit-vector datatype (HO)
 (c:/texlive/2023/texmf-dist/tex/generic/bigintcalc/bigintcalc.sty
Package: bigintcalc 2019/12/15 v1.5 Expandable calculations on big integers (HO)
))
\Fld@menulength=\count282
\Field@Width=\dimen153
\Fld@charsize=\dimen154
Package hyperref Info: Hyper figures OFF on input line 6051.
Package hyperref Info: Link nesting OFF on input line 6056.
Package hyperref Info: Hyper index ON on input line 6059.
Package hyperref Info: backreferencing OFF on input line 6066.
Package hyperref Info: Link coloring OFF on input line 6071.
Package hyperref Info: Link coloring with OCG OFF on input line 6076.
Package hyperref Info: PDF/A mode OFF on input line 6081.
 (c:/texlive/2023/texmf-dist/tex/latex/base/atbegshi-ltx.sty
Package: atbegshi-ltx 2021/01/10 v1.0c Emulation of the original atbegshi
package with kernel methods
)
\Hy@abspage=\count283
\c@Item=\count284
\c@Hfootnote=\count285
)
Package hyperref Info: Driver (autodetected): hpdftex.
 (c:/texlive/2023/texmf-dist/tex/latex/hyperref/hpdftex.def
File: hpdftex.def 2023-07-08 v7.01b Hyperref driver for pdfTeX
 (c:/texlive/2023/texmf-dist/tex/latex/base/atveryend-ltx.sty
Package: atveryend-ltx 2020/08/19 v1.0a Emulation of the original atveryend package
with kernel methods
)
\Fld@listcount=\count286
\c@bookmark@seq@number=\count287
 (c:/texlive/2023/texmf-dist/tex/latex/rerunfilecheck/rerunfilecheck.sty
Package: rerunfilecheck 2022-07-10 v1.10 Rerun checks for auxiliary files (HO)
 (c:/texlive/2023/texmf-dist/tex/generic/uniquecounter/uniquecounter.sty
Package: uniquecounter 2019/12/15 v1.4 Provide unlimited unique counter (HO)
)
Package uniquecounter Info: New unique counter `rerunfilecheck' on input line 285.
)
\Hy@SectionHShift=\skip55
)
Package hyperref Info: Option `colorlinks' set `true' on input line 46.
 (c:/texlive/2023/texmf-dist/tex/latex/tools/layout.sty
Package: layout 2021-03-10 v1.2e Show layout parameters
\oneinch=\count288
\cnt@paperwidth=\count289
\cnt@paperheight=\count290
\cnt@hoffset=\count291
\cnt@voffset=\count292
\cnt@textheight=\count293
\cnt@textwidth=\count294
\cnt@topmargin=\count295
\cnt@oddsidemargin=\count296
\cnt@evensidemargin=\count297
\cnt@headheight=\count298
\cnt@headsep=\count299
\cnt@marginparsep=\count300
\cnt@marginparwidth=\count301
\cnt@marginparpush=\count302
\cnt@footskip=\count303
\fheight=\count304
\ref@top=\count305
\ref@hoffset=\count306
\ref@voffset=\count307
\ref@head=\count308
\ref@body=\count309
\ref@foot=\count310
\ref@margin=\count311
\ref@marginwidth=\count312
\ref@marginpar=\count313
\Interval=\count314
\ExtraYPos=\count315
\PositionX=\count316
\PositionY=\count317
\ArrowLength=\count318
) (c:/texlive/2023/texmf-dist/tex/latex/graphics/graphicx.sty
Package: graphicx 2021/09/16 v1.2d Enhanced LaTeX Graphics (DPC,SPQR)
 (c:/texlive/2023/texmf-dist/tex/latex/graphics/graphics.sty
Package: graphics 2022/03/10 v1.4e Standard LaTeX Graphics (DPC,SPQR)
 (c:/texlive/2023/texmf-dist/tex/latex/graphics/trig.sty
Package: trig 2021/08/11 v1.11 sin cos tan (DPC)
) (c:/texlive/2023/texmf-dist/tex/latex/graphics-cfg/graphics.cfg
File: graphics.cfg 2016/06/04 v1.11 sample graphics configuration
)
Package graphics Info: Driver file: pdftex.def on input line 107.
 (c:/texlive/2023/texmf-dist/tex/latex/graphics-def/pdftex.def
File: pdftex.def 2022/09/22 v1.2b Graphics/color driver for pdftex
))
\Gin@req@height=\dimen155
\Gin@req@width=\dimen156
) (c:/texlive/2023/texmf-dist/tex/latex/caption/caption.sty
Package: caption 2023/07/31 v3.6n Customizing captions (AR)
 (c:/texlive/2023/texmf-dist/tex/latex/caption/caption3.sty
Package: caption3 2023/07/31 v2.4d caption3 kernel (AR)
\caption@tempdima=\dimen157
\captionmargin=\dimen158
\caption@leftmargin=\dimen159
\caption@rightmargin=\dimen160
\caption@width=\dimen161
\caption@indent=\dimen162
\caption@parindent=\dimen163
\caption@hangindent=\dimen164
Package caption Info: Standard document class detected.
)
\c@caption@flags=\count319
\c@continuedfloat=\count320
Package caption Info: hyperref package is loaded.
) (c:/texlive/2023/texmf-dist/tex/latex/geometry/geometry.sty
Package: geometry 2020/01/02 v5.9 Page Geometry
 (c:/texlive/2023/texmf-dist/tex/generic/iftex/ifvtex.sty
Package: ifvtex 2019/10/25 v1.7 ifvtex legacy package. Use iftex instead.
)
\Gm@cnth=\count321
\Gm@cntv=\count322
\c@Gm@tempcnt=\count323
\Gm@bindingoffset=\dimen165
\Gm@wd@mp=\dimen166
\Gm@odd@mp=\dimen167
\Gm@even@mp=\dimen168
\Gm@layoutwidth=\dimen169
\Gm@layoutheight=\dimen170
\Gm@layouthoffset=\dimen171
\Gm@layoutvoffset=\dimen172
\Gm@dimlist=\toks24
) (c:/texlive/2023/texmf-dist/tex/latex/setspace/setspace.sty
Package: setspace 2022/12/04 v6.7b set line spacing
) (c:/texlive/2023/texmf-dist/tex/latex/enumitem/enumitem.sty
Package: enumitem 2019/06/20 v3.9 Customized lists
\labelindent=\skip56
\enit@outerparindent=\dimen173
\enit@toks=\toks25
\enit@inbox=\box53
\enit@count@id=\count324
\enitdp@description=\count325
) (c:/texlive/2023/texmf-dist/tex/latex/fancyhdr/fancyhdr.sty
Package: fancyhdr 2022/11/09 v4.1 Extensive control of page headers and footers
\f@nch@headwidth=\skip57
\f@nch@O@elh=\skip58
\f@nch@O@erh=\skip59
\f@nch@O@olh=\skip60
\f@nch@O@orh=\skip61
\f@nch@O@elf=\skip62
\f@nch@O@erf=\skip63
\f@nch@O@olf=\skip64
\f@nch@O@orf=\skip65
) (c:/texlive/2023/texmf-dist/tex/latex/pdflscape/pdflscape.sty
Package: pdflscape 2022-10-27 v0.13 Display of landscape pages in PDF
 (c:/texlive/2023/texmf-dist/tex/latex/pdflscape/pdflscape-nometadata.sty
Package: pdflscape-nometadata 2022-10-28 v0.13 Display of landscape pages in PDF (HO)
 (c:/texlive/2023/texmf-dist/tex/latex/graphics/lscape.sty
Package: lscape 2020/05/28 v3.02 Landscape Pages (DPC)
)
Package pdflscape Info: Auto-detected driver: pdftex on input line 81.
)) (c:/texlive/2023/texmf-dist/tex/latex/tools/longtable.sty
Package: longtable 2021-09-01 v4.17 Multi-page Table package (DPC)
\LTleft=\skip66
\LTright=\skip67
\LTpre=\skip68
\LTpost=\skip69
\LTchunksize=\count326
\LTcapwidth=\dimen174
\LT@head=\box54
\LT@firsthead=\box55
\LT@foot=\box56
\LT@lastfoot=\box57
\LT@gbox=\box58
\LT@cols=\count327
\LT@rows=\count328
\c@LT@tables=\count329
\c@LT@chunks=\count330
\LT@p@ftn=\toks26
) (c:/texlive/2023/texmf-dist/tex/latex/graphics/rotating.sty
Package: rotating 2016/08/11 v2.16d rotated objects in LaTeX
 (c:/texlive/2023/texmf-dist/tex/latex/base/ifthen.sty
Package: ifthen 2022/04/13 v1.1d Standard LaTeX ifthen package (DPC)
)
\c@r@tfl@t=\count331
\rotFPtop=\skip70
\rotFPbot=\skip71
\rot@float@box=\box59
\rot@mess@toks=\toks27
) (c:/texlive/2023/texmf-dist/tex/latex/csquotes/csquotes.sty
Package: csquotes 2022-09-14 v5.2n context-sensitive quotations (JAW)
\csq@reset=\count332
\csq@gtype=\count333
\csq@glevel=\count334
\csq@qlevel=\count335
\csq@maxlvl=\count336
\csq@tshold=\count337
\csq@ltx@everypar=\toks28
 (c:/texlive/2023/texmf-dist/tex/latex/csquotes/csquotes.def
File: csquotes.def 2022-09-14 v5.2n csquotes generic definitions (JAW)
)
Package csquotes Info: Trying to load configuration file 'csquotes.cfg'...
Package csquotes Info: ... configuration file loaded successfully.
 (c:/texlive/2023/texmf-dist/tex/latex/csquotes/csquotes.cfg
File: csquotes.cfg 
))
Package csquotes Info: Allocating character ".
 (c:/texlive/2023/texmf-dist/tex/latex/amsfonts/amssymb.sty
Package: amssymb 2013/01/14 v3.01 AMS font symbols
 (c:/texlive/2023/texmf-dist/tex/latex/amsfonts/amsfonts.sty
Package: amsfonts 2013/01/14 v3.01 Basic AMSFonts support
\symAMSa=\mathgroup4
\symAMSb=\mathgroup5
LaTeX Font Info:    Redeclaring math symbol \hbar on input line 98.
LaTeX Font Info:    Overwriting math alphabet `\mathfrak' in version `bold'
(Font)                  U/euf/m/n --> U/euf/b/n on input line 106.
)) (c:/texlive/2023/texmf-dist/tex/latex/subfig/subfig.sty
Package: subfig 2005/06/28 ver: 1.3 subfig package
\c@KVtest=\count338
\sf@farskip=\skip72
\sf@captopadj=\dimen175
\sf@capskip=\skip73
\sf@nearskip=\skip74
\c@subfigure=\count339
\c@subfigure@save=\count340
\c@lofdepth=\count341
\c@subtable=\count342
\c@subtable@save=\count343
\c@lotdepth=\count344
\sf@top=\skip75
\sf@bottom=\skip76
) (c:/texlive/2023/texmf-dist/tex/latex/listings/listings.sty
\lst@mode=\count345
\lst@gtempboxa=\box60
\lst@token=\toks29
\lst@length=\count346
\lst@currlwidth=\dimen176
\lst@column=\count347
\lst@pos=\count348
\lst@lostspace=\dimen177
\lst@width=\dimen178
\lst@newlines=\count349
\lst@lineno=\count350
\lst@maxwidth=\dimen179
 (c:/texlive/2023/texmf-dist/tex/latex/listings/lstmisc.sty
File: lstmisc.sty 2023/02/27 1.9 (Carsten Heinz)
\c@lstnumber=\count351
\lst@skipnumbers=\count352
\lst@framebox=\box61
) (c:/texlive/2023/texmf-dist/tex/latex/listings/listings.cfg
File: listings.cfg 2023/02/27 1.9 listings configuration
))
Package: listings 2023/02/27 1.9 (Carsten Heinz)
 (c:/texlive/2023/texmf-dist/tex/latex/xcolor/xcolor.sty
Package: xcolor 2022/06/12 v2.14 LaTeX color extensions (UK)
 (c:/texlive/2023/texmf-dist/tex/latex/graphics-cfg/color.cfg
File: color.cfg 2016/01/02 v1.6 sample color configuration
)
Package xcolor Info: Driver file: pdftex.def on input line 227.
 (c:/texlive/2023/texmf-dist/tex/latex/graphics/mathcolor.ltx)
Package xcolor Info: Model `cmy' substituted by `cmy0' on input line 1353.
Package xcolor Info: Model `hsb' substituted by `rgb' on input line 1357.
Package xcolor Info: Model `RGB' extended on input line 1369.
Package xcolor Info: Model `HTML' substituted by `rgb' on input line 1371.
Package xcolor Info: Model `Hsb' substituted by `hsb' on input line 1372.
Package xcolor Info: Model `tHsb' substituted by `hsb' on input line 1373.
Package xcolor Info: Model `HSB' substituted by `hsb' on input line 1374.
Package xcolor Info: Model `Gray' substituted by `gray' on input line 1375.
Package xcolor Info: Model `wave' substituted by `hsb' on input line 1376.
)
Package csquotes Info: Checking for multilingual support...
Package csquotes Info: ... found 'babel' package.
Package csquotes Info: Adjusting default style.
Package csquotes Info: Redefining alias 'default' -> 'spanish'.
 (c:/texlive/2023/texmf-dist/tex/latex/l3backend/l3backend-pdftex.def
File: l3backend-pdftex.def 2023-04-19 L3 backend support: PDF output (pdfTeX)
\l__color_backend_stack_int=\count353
\l__pdf_internal_box=\box62
) (./Main.aux (./portada.aux)
LaTeX Info: Redefining \. on input line 21.
LaTeX Info: Redefining \% on input line 21.
LaTeX Info: Redefining \. on input line 22.
LaTeX Info: Redefining \% on input line 22.
 (./resumen.aux
LaTeX Info: Redefining \. on input line 3.
LaTeX Info: Redefining \% on input line 3.
LaTeX Info: Redefining \. on input line 5.
LaTeX Info: Redefining \% on input line 5.
)

LaTeX Warning: Label `chap:results' multiply defined.

)
\openout1 = `Main.aux'.

LaTeX Font Info:    Checking defaults for OML/cmm/m/it on input line 193.
LaTeX Font Info:    ... okay on input line 193.
LaTeX Font Info:    Checking defaults for OMS/cmsy/m/n on input line 193.
LaTeX Font Info:    ... okay on input line 193.
LaTeX Font Info:    Checking defaults for OT1/cmr/m/n on input line 193.
LaTeX Font Info:    ... okay on input line 193.
LaTeX Font Info:    Checking defaults for T1/cmr/m/n on input line 193.
LaTeX Font Info:    ... okay on input line 193.
LaTeX Font Info:    Checking defaults for TS1/cmr/m/n on input line 193.
LaTeX Font Info:    ... okay on input line 193.
LaTeX Font Info:    Checking defaults for OMX/cmex/m/n on input line 193.
LaTeX Font Info:    ... okay on input line 193.
LaTeX Font Info:    Checking defaults for U/cmr/m/n on input line 193.
LaTeX Font Info:    ... okay on input line 193.
LaTeX Font Info:    Checking defaults for PD1/pdf/m/n on input line 193.
LaTeX Font Info:    ... okay on input line 193.
LaTeX Font Info:    Checking defaults for PU/pdf/m/n on input line 193.
LaTeX Font Info:    ... okay on input line 193.
LaTeX Info: Redefining \. on input line 193.
LaTeX Info: Redefining \% on input line 193.
Package hyperref Info: Link coloring ON on input line 193.
 (./Main.out) (./Main.out)
\@outlinefile=\write3
\openout3 = `Main.out'.

 (c:/texlive/2023/texmf-dist/tex/context/base/mkii/supp-pdf.mkii
[Loading MPS to PDF converter (version 2006.09.02).]
\scratchcounter=\count354
\scratchdimen=\dimen180
\scratchbox=\box63
\nofMPsegments=\count355
\nofMParguments=\count356
\everyMPshowfont=\toks30
\MPscratchCnt=\count357
\MPscratchDim=\dimen181
\MPnumerator=\count358
\makeMPintoPDFobject=\count359
\everyMPtoPDFconversion=\toks31
) (c:/texlive/2023/texmf-dist/tex/latex/epstopdf-pkg/epstopdf-base.sty
Package: epstopdf-base 2020-01-24 v2.11 Base part for package epstopdf
Package epstopdf-base Info: Redefining graphics rule for `.eps' on input line 485.
 (c:/texlive/2023/texmf-dist/tex/latex/latexconfig/epstopdf-sys.cfg
File: epstopdf-sys.cfg 2010/07/13 v1.3 Configuration of (r)epstopdf for TeX Live
))
Package caption Info: Begin \AtBeginDocument code.
Package caption Info: subfig package v1.3 is loaded.
Package caption Info: listings package is loaded.
Package caption Info: longtable package is loaded.
 (c:/texlive/2023/texmf-dist/tex/latex/caption/ltcaption.sty
Package: ltcaption 2021/01/08 v1.4c longtable captions (AR)
)
Package caption Info: rotating package is loaded.
Package caption Info: End \AtBeginDocument code.

*geometry* driver: auto-detecting
*geometry* detected driver: pdftex
*geometry* verbose mode - [ preamble ] result:
* driver: pdftex
* paper: letterpaper
* layout: <same size as paper>
* layoutoffset:(h,v)=(0.0pt,0.0pt)
* modes: twoside 
* h-part:(L,W,R)=(71.13188pt, 472.03123pt, 71.13188pt)
* v-part:(T,H,B)=(71.13188pt, 652.70622pt, 71.13188pt)
* \paperwidth=614.295pt
* \paperheight=794.96999pt
* \textwidth=472.03123pt
* \textheight=652.70622pt
* \oddsidemargin=-1.1381pt
* \evensidemargin=-1.1381pt
* \topmargin=-38.1381pt
* \headheight=37.0pt
* \headsep=25.0pt
* \topskip=10.0pt
* \footskip=20.0pt
* \marginparwidth=121.0pt
* \marginparsep=11.0pt
* \columnsep=10.0pt
* \skip\footins=9.0pt plus 4.0pt minus 2.0pt
* \hoffset=0.0pt
* \voffset=0.0pt
* \mag=1000
* \@twocolumnfalse
* \@twosidetrue
* \@mparswitchtrue
* \@reversemarginfalse
* (1in=72.27pt=25.4mm, 1cm=28.453pt)

Package csquotes Info: Redefining character " on input line 193.
\c@lstlisting=\count360
\openout2 = `portada.aux'.

(./portada.tex
<images/logo.png, id=200, 113.223pt x 108.405pt>
File: images/logo.png Graphic file (type png)
<use images/logo.png>
Package pdftex.def Info: images/logo.png  used on input line 6.
(pdftex.def)             Requested size: 118.0078pt x 112.98994pt.
 [1


{c:/texlive/2023/texmf-var/fonts/map/pdftex/updmap/pdftex.map}{c:/texlive/2023/texmf-dist/fonts/enc/dvips/cm-super/cm-super-t1.enc} <./images/logo.png>])
\openout2 = `resumen.aux'.

 (./resumen.tex
LaTeX Info: Redefining \. on input line 4.
LaTeX Info: Redefining \% on input line 4.
File: images/logo.png Graphic file (type png)
<use images/logo.png>
Package pdftex.def Info: images/logo.png  used on input line 16.
(pdftex.def)             Requested size: 34.14322pt x 32.68881pt.
 [2




]
LaTeX Info: Redefining \. on input line 28.
LaTeX Info: Redefining \% on input line 28.
) [3

] (./Main.toc
LaTeX Info: Redefining \. on input line 1.
LaTeX Info: Redefining \% on input line 1.
LaTeX Info: Redefining \. on input line 2.
LaTeX Info: Redefining \% on input line 2.
LaTeX Info: Redefining \. on input line 3.
LaTeX Info: Redefining \% on input line 3.
LaTeX Info: Redefining \. on input line 5.
LaTeX Info: Redefining \% on input line 5.
LaTeX Font Info:    Trying to load font information for U+msa on input line 7.
 (c:/texlive/2023/texmf-dist/tex/latex/amsfonts/umsa.fd
File: umsa.fd 2013/01/14 v3.01 AMS symbols A
)
LaTeX Font Info:    Trying to load font information for U+msb on input line 7.
 (c:/texlive/2023/texmf-dist/tex/latex/amsfonts/umsb.fd
File: umsb.fd 2013/01/14 v3.01 AMS symbols B
)
File: images/logo.png Graphic file (type png)
<use images/logo.png>
Package pdftex.def Info: images/logo.png  used on input line 52.
(pdftex.def)             Requested size: 34.14322pt x 32.68881pt.
 [4



])
\tf@toc=\write4
\openout4 = `Main.toc'.

 (./Capitulo 1.tex [5]
Cap\'{\i }tulo 1.

Underfull \vbox (badness 2205) has occurred while \output is active []

File: images/logo.png Graphic file (type png)
<use images/logo.png>
Package pdftex.def Info: images/logo.png  used on input line 17.
(pdftex.def)             Requested size: 34.14322pt x 32.68881pt.
 [6

]
Underfull \hbox (badness 10000) in paragraph at lines 26--31

 []

[7]
Underfull \hbox (badness 10000) in paragraph at lines 44--45

 []


Underfull \vbox (badness 1874) has occurred while \output is active []

File: images/logo.png Graphic file (type png)
<use images/logo.png>
Package pdftex.def Info: images/logo.png  used on input line 77.
(pdftex.def)             Requested size: 34.14322pt x 32.68881pt.
 [8]
Underfull \vbox (badness 10000) has occurred while \output is active []

 [9]
File: images/logo.png Graphic file (type png)
<use images/logo.png>
Package pdftex.def Info: images/logo.png  used on input line 124.
(pdftex.def)             Requested size: 34.14322pt x 32.68881pt.
 [10{c:/texlive/2023/texmf-dist/fonts/enc/dvips/cm-super/cm-super-ts1.enc}]
Overfull \hbox (19.19394pt too wide) in alignment at lines 131--139
 [] [] [] [] 
 []


Overfull \hbox (19.19394pt too wide) in alignment at lines 139--141
 [] [] [] [] 
 []


Overfull \hbox (19.19394pt too wide) in alignment at lines 141--159
 [] [] [] [] 
 []

[11]) (./Capitulo 2.tex
File: images/logo.png Graphic file (type png)
<use images/logo.png>
Package pdftex.def Info: images/logo.png  used on input line 1.
(pdftex.def)             Requested size: 34.14322pt x 32.68881pt.
 [12]
Cap\'{\i }tulo 2.

Underfull \hbox (badness 10000) in paragraph at lines 5--6

 []


Underfull \hbox (badness 10000) in paragraph at lines 8--9

 []


Underfull \vbox (badness 10000) has occurred while \output is active []

 [13

]
<images/img1.png, id=376, 424.58624pt x 289.08pt>
File: images/img1.png Graphic file (type png)
<use images/img1.png>
Package pdftex.def Info: images/img1.png  used on input line 25.
(pdftex.def)             Requested size: 330.42041pt x 224.97862pt.
File: images/logo.png Graphic file (type png)
<use images/logo.png>
Package pdftex.def Info: images/logo.png  used on input line 40.
(pdftex.def)             Requested size: 34.14322pt x 32.68881pt.
 [14 <./images/img1.png>]
<images/img2.png, id=396, 650.43pt x 378.41376pt>
File: images/img2.png Graphic file (type png)
<use images/img2.png>
Package pdftex.def Info: images/img2.png  used on input line 48.
(pdftex.def)             Requested size: 377.62642pt x 219.70532pt.

Underfull \vbox (badness 10000) has occurred while \output is active []

 [15 <./images/img2.png>]
<images/img3.pdf, id=414, 457.71pt x 260.89468pt>
File: images/img3.pdf Graphic file (type pdf)
<use images/img3.pdf>
Package pdftex.def Info: images/img3.pdf  used on input line 73.
(pdftex.def)             Requested size: 377.62642pt x 215.25667pt.

Overfull \hbox (47.04236pt too wide) in alignment at lines 84--89
 [] [] 
 []


Overfull \hbox (47.04236pt too wide) in alignment at lines 89--91
 [] [] 
 []


Overfull \hbox (47.04236pt too wide) in alignment at lines 91--96
 [] [] 
 []

File: images/logo.png Graphic file (type png)
<use images/logo.png>
Package pdftex.def Info: images/logo.png  used on input line 96.
(pdftex.def)             Requested size: 34.14322pt x 32.68881pt.
[16 <./images/img3.pdf>]
Underfull \hbox (badness 10000) in paragraph at lines 100--101

 []

[17]
<images/img4.pdf, id=459, 573.10106pt x 276.07141pt>
File: images/img4.pdf Graphic file (type pdf)
<use images/img4.pdf>
Package pdftex.def Info: images/img4.pdf  used on input line 137.
(pdftex.def)             Requested size: 377.62642pt x 181.9086pt.

Underfull \hbox (badness 10000) in paragraph at lines 142--143

 []


Underfull \hbox (badness 10000) in paragraph at lines 160--163

 []

File: images/logo.png Graphic file (type png)
<use images/logo.png>
Package pdftex.def Info: images/logo.png  used on input line 163.
(pdftex.def)             Requested size: 34.14322pt x 32.68881pt.
[18 <./images/img4.pdf>]
Underfull \hbox (badness 10000) in paragraph at lines 174--178

 []


Underfull \hbox (badness 10000) in paragraph at lines 188--189

 []


Underfull \hbox (badness 10000) in paragraph at lines 195--200

 []


Underfull \hbox (badness 10000) in paragraph at lines 203--204

 []


Underfull \vbox (badness 10000) has occurred while \output is active []

 [19]
Underfull \hbox (badness 10000) in paragraph at lines 235--239

 []


Underfull \hbox (badness 10000) in paragraph at lines 252--257

 []

File: images/logo.png Graphic file (type png)
<use images/logo.png>
Package pdftex.def Info: images/logo.png  used on input line 257.
(pdftex.def)             Requested size: 34.14322pt x 32.68881pt.
[20]
Underfull \hbox (badness 10000) in paragraph at lines 277--278

 []

<images/Fun_Ac_Lin.pdf, id=543, 325.215pt x 294.09875pt>
File: images/Fun_Ac_Lin.pdf Graphic file (type pdf)
<use images/Fun_Ac_Lin.pdf>
Package pdftex.def Info: images/Fun_Ac_Lin.pdf  used on input line 284.
(pdftex.def)             Requested size: 188.8096pt x 170.74791pt.
<images/Fun_Ac_Sig.pdf, id=544, 325.215pt x 294.09875pt>
File: images/Fun_Ac_Sig.pdf Graphic file (type pdf)
<use images/Fun_Ac_Sig.pdf>
Package pdftex.def Info: images/Fun_Ac_Sig.pdf  used on input line 288.
(pdftex.def)             Requested size: 188.8096pt x 170.74791pt.
<images/Fun_Ac_Gauss.pdf, id=545, 325.215pt x 294.09875pt>
File: images/Fun_Ac_Gauss.pdf Graphic file (type pdf)
<use images/Fun_Ac_Gauss.pdf>
Package pdftex.def Info: images/Fun_Ac_Gauss.pdf  used on input line 292.
(pdftex.def)             Requested size: 188.8096pt x 170.74791pt.
<images/Fun_Ac_Step.pdf, id=546, 325.215pt x 294.09875pt>
File: images/Fun_Ac_Step.pdf Graphic file (type pdf)
<use images/Fun_Ac_Step.pdf>
Package pdftex.def Info: images/Fun_Ac_Step.pdf  used on input line 296.
(pdftex.def)             Requested size: 188.8096pt x 170.74791pt.
[21 <./images/Fun_Ac_Lin.pdf> <./images/Fun_Ac_Sig.pdf> <./images/Fun_Ac_Gauss.pdf> <./images/Fun_Ac_Step.pdf>]
<images/img5.pdf, id=586, 414.58888pt x 336.29637pt>
File: images/img5.pdf Graphic file (type pdf)
<use images/img5.pdf>
Package pdftex.def Info: images/img5.pdf  used on input line 311.
(pdftex.def)             Requested size: 283.22162pt x 229.75098pt.
<images/img6.pdf, id=590, 731.8542pt x 321.11969pt>
File: images/img6.pdf Graphic file (type pdf)
<use images/img6.pdf>
Package pdftex.def Info: images/img6.pdf  used on input line 339.
(pdftex.def)             Requested size: 377.62642pt x 165.69452pt.
File: images/logo.png Graphic file (type png)
<use images/logo.png>
Package pdftex.def Info: images/logo.png  used on input line 342.
(pdftex.def)             Requested size: 34.14322pt x 32.68881pt.
 [22 <./images/img5.pdf>]
Underfull \hbox (badness 10000) in paragraph at lines 360--361

 []


Underfull \hbox (badness 10000) in paragraph at lines 376--377

 []


Underfull \vbox (badness 10000) has occurred while \output is active []

 [23 <./images/img6.pdf>]
<images/img17.pdf, id=667, 815.9283pt x 213.67828pt>
File: images/img17.pdf Graphic file (type pdf)
<use images/img17.pdf>
Package pdftex.def Info: images/img17.pdf  used on input line 404.
(pdftex.def)             Requested size: 472.03123pt x 123.61722pt.

Underfull \vbox (badness 7631) has occurred while \output is active []

File: images/logo.png Graphic file (type png)
<use images/logo.png>
Package pdftex.def Info: images/logo.png  used on input line 414.
(pdftex.def)             Requested size: 34.14322pt x 32.68881pt.
 [24 <./images/img17.pdf>]
<images/img18.png, id=709, 1003.75pt x 608.2725pt>
File: images/img18.png Graphic file (type png)
<use images/img18.png>
Package pdftex.def Info: images/img18.png  used on input line 425.
(pdftex.def)             Requested size: 283.22162pt x 171.6331pt.

Underfull \hbox (badness 10000) in paragraph at lines 439--444

 []


Underfull \hbox (badness 10000) in paragraph at lines 452--457

 []

[25 <./images/img18.png (PNG copy)>]
Underfull \hbox (badness 10000) in paragraph at lines 465--469

 []


Underfull \hbox (badness 10000) in paragraph at lines 471--472

 []


Underfull \hbox (badness 10000) in paragraph at lines 474--476

 []


Underfull \hbox (badness 10000) in paragraph at lines 492--494

 []

File: images/logo.png Graphic file (type png)
<use images/logo.png>
Package pdftex.def Info: images/logo.png  used on input line 505.
(pdftex.def)             Requested size: 34.14322pt x 32.68881pt.
[26]
Underfull \hbox (badness 10000) in paragraph at lines 505--507

 []


Underfull \hbox (badness 10000) in paragraph at lines 555--560

 []


Underfull \hbox (badness 10000) in paragraph at lines 571--576

 []

[27]
Underfull \hbox (badness 10000) in paragraph at lines 587--592

 []

File: images/logo.png Graphic file (type png)
<use images/logo.png>
Package pdftex.def Info: images/logo.png  used on input line 621.
(pdftex.def)             Requested size: 34.14322pt x 32.68881pt.
[28]
<images/img7.jpg, id=771, 18.28432pt x 15.46577pt>
File: images/img7.jpg Graphic file (type jpg)
<use images/img7.jpg>
Package pdftex.def Info: images/img7.jpg  used on input line 625.
(pdftex.def)             Requested size: 118.0078pt x 99.83308pt.
<images/img8.jpg, id=789, 929.4725pt x 678.535pt>
File: images/img8.jpg Graphic file (type jpg)
<use images/img8.jpg>
Package pdftex.def Info: images/img8.jpg  used on input line 642.
(pdftex.def)             Requested size: 212.41261pt x 155.06581pt.
 [29 <./images/img7.jpg> <./images/img8.jpg>] (./Matriz de Referencia.tex
File: images/logo.png Graphic file (type png)
<use images/logo.png>
Package pdftex.def Info: images/logo.png  used on input line 5.
(pdftex.def)             Requested size: 34.14322pt x 32.68881pt.
 [30] [31

]
File: images/logo.png Graphic file (type png)
<use images/logo.png>
Package pdftex.def Info: images/logo.png  used on input line 28.
(pdftex.def)             Requested size: 34.14322pt x 32.68881pt.
 [32] [33]
File: images/logo.png Graphic file (type png)
<use images/logo.png>
Package pdftex.def Info: images/logo.png  used on input line 29.
(pdftex.def)             Requested size: 34.14322pt x 32.68881pt.
 [34])) (./Capitulo 3.tex [35

]
Cap\'{\i }tulo 3.

Underfull \hbox (badness 10000) in paragraph at lines 5--6

 []


Underfull \hbox (badness 10000) in paragraph at lines 7--8

 []



pdfTeX warning: pdflatex.exe (file ./images/img9.pdf): PDF inclusion: found PDF version <1.7>, but at most version <1.5> allowed
<images/img9.pdf, id=872, 358.4592pt x 104.3097pt>
File: images/img9.pdf Graphic file (type pdf)
<use images/img9.pdf>
Package pdftex.def Info: images/img9.pdf  used on input line 22.
(pdftex.def)             Requested size: 472.03123pt x 137.3661pt.

Underfull \hbox (badness 10000) in paragraph at lines 28--29

 []

File: images/logo.png Graphic file (type png)
<use images/logo.png>
Package pdftex.def Info: images/logo.png  used on input line 40.
(pdftex.def)             Requested size: 34.14322pt x 32.68881pt.
[36

]
Underfull \hbox (badness 10000) in paragraph at lines 74--77

 []

[37 <./images/img9.pdf>]
Underfull \hbox (badness 10000) in paragraph at lines 79--80

 []


Underfull \hbox (badness 10000) in paragraph at lines 102--105

 []


Underfull \vbox (badness 2103) has occurred while \output is active []

File: images/logo.png Graphic file (type png)
<use images/logo.png>
Package pdftex.def Info: images/logo.png  used on input line 143.
(pdftex.def)             Requested size: 34.14322pt x 32.68881pt.
 [38]
Underfull \hbox (badness 10000) in paragraph at lines 150--151

 []


Underfull \hbox (badness 10000) in paragraph at lines 177--178

 []

[39]
<images/img10.png, id=908, 634.37pt x 832.10875pt>
File: images/img10.png Graphic file (type png)
<use images/img10.png>
Package pdftex.def Info: images/img10.png  used on input line 212.
(pdftex.def)             Requested size: 283.22162pt x 371.51248pt.

Underfull \hbox (badness 10000) in paragraph at lines 220--221

 []


Underfull \vbox (badness 10000) has occurred while \output is active []

File: images/logo.png Graphic file (type png)
<use images/logo.png>
Package pdftex.def Info: images/logo.png  used on input line 221.
(pdftex.def)             Requested size: 34.14322pt x 32.68881pt.
 [40 <./images/img10.png>]
<images/img11.png, id=916, 724.7075pt x 384.43625pt>
File: images/img11.png Graphic file (type png)
<use images/img11.png>
Package pdftex.def Info: images/img11.png  used on input line 225.
(pdftex.def)             Requested size: 472.03123pt x 250.40266pt.
<images/img16.pdf, id=918, 360.38638pt x 509.98529pt>
File: images/img16.pdf Graphic file (type pdf)
<use images/img16.pdf>
Package pdftex.def Info: images/img16.pdf  used on input line 237.
(pdftex.def)             Requested size: 354.66649pt x 501.87683pt.
 [41 <./images/img11.png (PNG copy)>]
<images/img16.png, id=929, 475.02469pt x 508.90125pt>
File: images/img16.png Graphic file (type png)
<use images/img16.png>
Package pdftex.def Info: images/img16.png  used on input line 257.
(pdftex.def)             Requested size: 306.82709pt x 301.13437pt.

Underfull \vbox (badness 10000) has occurred while \output is active []

File: images/logo.png Graphic file (type png)
<use images/logo.png>
Package pdftex.def Info: images/logo.png  used on input line 260.
(pdftex.def)             Requested size: 34.14322pt x 32.68881pt.
 [42 <./images/img16.pdf>] [43 <./images/img16.png>]
<images/img19.jpg, id=952, 803.0pt x 803.0pt>
File: images/img19.jpg Graphic file (type jpg)
<use images/img19.jpg>
Package pdftex.def Info: images/img19.jpg  used on input line 276.
(pdftex.def)             Requested size: 94.4048pt x 94.39539pt.
<images/img20.jpg, id=953, 552.0625pt x 552.0625pt>
File: images/img20.jpg Graphic file (type jpg)
<use images/img20.jpg>
Package pdftex.def Info: images/img20.jpg  used on input line 280.
(pdftex.def)             Requested size: 94.4048pt x 94.40535pt.
<images/img21.jpg, id=954, 803.0pt x 803.0pt>
File: images/img21.jpg Graphic file (type jpg)
<use images/img21.jpg>
Package pdftex.def Info: images/img21.jpg  used on input line 284.
(pdftex.def)             Requested size: 94.4048pt x 94.39539pt.
<images/img22.jpg, id=955, 803.0pt x 803.0pt>
File: images/img22.jpg Graphic file (type jpg)
<use images/img22.jpg>
Package pdftex.def Info: images/img22.jpg  used on input line 288.
(pdftex.def)             Requested size: 94.4048pt x 94.39539pt.
<images/img23.jpg, id=956, 803.0pt x 803.0pt>
File: images/img23.jpg Graphic file (type jpg)
<use images/img23.jpg>
Package pdftex.def Info: images/img23.jpg  used on input line 292.
(pdftex.def)             Requested size: 94.4048pt x 94.39539pt.
<images/img24.jpg, id=957, 552.0625pt x 552.0625pt>
File: images/img24.jpg Graphic file (type jpg)
<use images/img24.jpg>
Package pdftex.def Info: images/img24.jpg  used on input line 296.
(pdftex.def)             Requested size: 94.4048pt x 94.40535pt.

Underfull \hbox (badness 10000) in paragraph at lines 301--302

 []


Underfull \hbox (badness 10000) in paragraph at lines 304--305

 []

<images/img25.jpg, id=959, 740.7675pt x 419.5675pt>
File: images/img25.jpg Graphic file (type jpg)
<use images/img25.jpg>
Package pdftex.def Info: images/img25.jpg  used on input line 319.
(pdftex.def)             Requested size: 236.01561pt x 133.67534pt.
File: images/logo.png Graphic file (type png)
<use images/logo.png>
Package pdftex.def Info: images/logo.png  used on input line 329.
(pdftex.def)             Requested size: 34.14322pt x 32.68881pt.
[44 <./images/img19.jpg> <./images/img20.jpg> <./images/img21.jpg> <./images/img22.jpg> <./images/img23.jpg> <./images/img24.jpg>]
<images/img26.png, id=973, 481.8pt x 296.60812pt>
File: images/img26.png Graphic file (type png)
<use images/img26.png>
Package pdftex.def Info: images/img26.png  used on input line 337.
(pdftex.def)             Requested size: 481.79881pt x 296.60739pt.

Overfull \hbox (9.76758pt too wide) in paragraph at lines 337--338
 [][] 
 []

LaTeX Font Info:    Trying to load font information for T1+cmtt on input line 347.
(c:/texlive/2023/texmf-dist/tex/latex/base/t1cmtt.fd
File: t1cmtt.fd 2023/04/13 v2.5m Standard LaTeX font definitions
) [45 <./images/img25.jpg> <./images/img26.png>]
Overfull \hbox (18.00061pt too wide) in paragraph at lines 353--354
[]\T1/cmr/m/n/10 Se de-fi-nen pa-rá-me-tros co-mo el tiem-po de mues-treo (\T1/cmtt/m/n/10 sampleTime\T1/cmr/m/n/10 ), el nú-me-ro de mues-tras (\T1/cmtt/m/n/10 numSamples\T1/cmr/m/n/10 ),
 []

<images/img27.png, id=981, 421.575pt x 316.18124pt>
File: images/img27.png Graphic file (type png)
<use images/img27.png>
Package pdftex.def Info: images/img27.png  used on input line 378.
(pdftex.def)             Requested size: 377.62642pt x 283.22409pt.
File: images/logo.png Graphic file (type png)
<use images/logo.png>
Package pdftex.def Info: images/logo.png  used on input line 385.
(pdftex.def)             Requested size: 34.14322pt x 32.68881pt.
[46 <./images/img27.png>]
Underfull \hbox (badness 10000) in paragraph at lines 389--390

 []

<images/img28.png, id=990, 421.575pt x 316.18124pt>
File: images/img28.png Graphic file (type png)
<use images/img28.png>
Package pdftex.def Info: images/img28.png  used on input line 398.
(pdftex.def)             Requested size: 377.62642pt x 283.22409pt.

Underfull \vbox (badness 10000) has occurred while \output is active []

 [47 <./images/img28.png>]
Underfull \hbox (badness 10000) in paragraph at lines 426--427

 []

<images/img29.png, id=1000, 421.575pt x 316.18124pt>
File: images/img29.png Graphic file (type png)
<use images/img29.png>
Package pdftex.def Info: images/img29.png  used on input line 436.
(pdftex.def)             Requested size: 283.22162pt x 212.41927pt.
<images/img30.png, id=1001, 421.575pt x 316.18124pt>
File: images/img30.png Graphic file (type png)
<use images/img30.png>
Package pdftex.def Info: images/img30.png  used on input line 440.
(pdftex.def)             Requested size: 283.22162pt x 212.41927pt.
File: images/logo.png Graphic file (type png)
<use images/logo.png>
Package pdftex.def Info: images/logo.png  used on input line 443.
(pdftex.def)             Requested size: 34.14322pt x 32.68881pt.
[48]
Underfull \hbox (badness 10000) in paragraph at lines 445--446

 []


Underfull \vbox (badness 10000) has occurred while \output is active []

 [49 <./images/img29.png> <./images/img30.png (PNG copy)>]
<images/img31.png, id=1022, 522.95375pt x 402.50375pt>
File: images/img31.png Graphic file (type png)
<use images/img31.png>
Package pdftex.def Info: images/img31.png  used on input line 499.
(pdftex.def)             Requested size: 330.42041pt x 254.32184pt.
<images/img32.png, id=1024, 421.575pt x 316.017pt>
File: images/img32.png Graphic file (type png)
<use images/img32.png>
Package pdftex.def Info: images/img32.png  used on input line 508.
(pdftex.def)             Requested size: 330.42041pt x 247.69293pt.
File: images/logo.png Graphic file (type png)
<use images/logo.png>
Package pdftex.def Info: images/logo.png  used on input line 516.
(pdftex.def)             Requested size: 34.14322pt x 32.68881pt.
 [50] [51 <./images/img31.png> <./images/img32.png>]
<images/img33.png, id=1044, 834.11626pt x 223.58531pt>
File: images/img33.png Graphic file (type png)
<use images/img33.png>
Package pdftex.def Info: images/img33.png  used on input line 535.
(pdftex.def)             Requested size: 472.03123pt x 126.53062pt.
<images/img36.png, id=1046, 831.105pt x 271.0125pt>
File: images/img36.png Graphic file (type png)
<use images/img36.png>
Package pdftex.def Info: images/img36.png  used on input line 545.
(pdftex.def)             Requested size: 424.82523pt x 138.52882pt.
File: images/logo.png Graphic file (type png)
<use images/logo.png>
Package pdftex.def Info: images/logo.png  used on input line 561.
(pdftex.def)             Requested size: 34.14322pt x 32.68881pt.
 [52 <./images/img33.png>] [53 <./images/img36.png>]) (./Capitulo 4.tex
File: images/logo.png Graphic file (type png)
<use images/logo.png>
Package pdftex.def Info: images/logo.png  used on input line 1.
(pdftex.def)             Requested size: 34.14322pt x 32.68881pt.
 [54]
Cap\'{\i }tulo 4.
<images/img34.png, id=1082, 414.79968pt x 381.67593pt>
File: images/img34.png Graphic file (type png)
<use images/img34.png>
Package pdftex.def Info: images/img34.png  used on input line 9.
(pdftex.def)             Requested size: 330.42041pt x 304.04243pt.

Underfull \vbox (badness 10000) has occurred while \output is active []

 [55

 <./images/img34.png>]
<images/img35.png, id=1094, 422.32782pt x 362.10281pt>
File: images/img35.png Graphic file (type png)
<use images/img35.png>
Package pdftex.def Info: images/img35.png  used on input line 45.
(pdftex.def)             Requested size: 330.42041pt x 283.3065pt.

Underfull \vbox (badness 3735) has occurred while \output is active []

File: images/logo.png Graphic file (type png)
<use images/logo.png>
Package pdftex.def Info: images/logo.png  used on input line 53.
(pdftex.def)             Requested size: 34.14322pt x 32.68881pt.
 [56 <./images/img35.png>]) (./Capitulo 5.tex [57]
Cap\'{\i }tulo 5.
) (./Anexos.tex
File: images/logo.png Graphic file (type png)
<use images/logo.png>
Package pdftex.def Info: images/logo.png  used on input line 1.
(pdftex.def)             Requested size: 34.14322pt x 32.68881pt.
 [58

]
Cap\'{\i }tulo 6.
(c:/texlive/2023/texmf-dist/tex/latex/listings/lstlang1.sty
File: lstlang1.sty 2023/02/27 1.9 listings language file
) (c:/texlive/2023/texmf-dist/tex/latex/listings/lstmisc.sty
File: lstmisc.sty 2023/02/27 1.9 (Carsten Heinz)
)
Package hyperref Info: bookmark level for unknown lstlisting defaults to 0 on input line 8.
 (./Listings/Listing1.ino) (c:/texlive/2023/texmf-dist/tex/latex/listings/lstlang1.sty
File: lstlang1.sty 2023/02/27 1.9 listings language file
) (./Listings/Adquisicion.m [59

]) (./Listings/smooth.m) (./Listings/Preprocess_RNN.m
File: images/logo.png Graphic file (type png)
<use images/logo.png>
Package pdftex.def Info: images/logo.png  used on input line 19.
(pdftex.def)             Requested size: 34.14322pt x 32.68881pt.
 [60]
Underfull \vbox (badness 10000) has occurred while \output is active []

 [61]) (./Listings/app2.m
File: images/logo.png Graphic file (type png)
<use images/logo.png>
Package pdftex.def Info: images/logo.png  used on input line 5.
(pdftex.def)             Requested size: 34.14322pt x 32.68881pt.
 [62]
Underfull \vbox (badness 10000) has occurred while \output is active []

 [63]
Underfull \vbox (badness 10000) has occurred while \output is active []

File: images/logo.png Graphic file (type png)
<use images/logo.png>
Package pdftex.def Info: images/logo.png  used on input line 114.
(pdftex.def)             Requested size: 34.14322pt x 32.68881pt.
 [64]
Underfull \vbox (badness 10000) has occurred while \output is active []

 [65]
Underfull \vbox (badness 10000) has occurred while \output is active []

File: images/logo.png Graphic file (type png)
<use images/logo.png>
Package pdftex.def Info: images/logo.png  used on input line 223.
(pdftex.def)             Requested size: 34.14322pt x 32.68881pt.
 [66])) (./Main.bbl [67]
Underfull \hbox (badness 10000) in paragraph at lines 51--57
[]\T1/cmr/m/n/10 P. I. Do-ra-do Díaz, J. Sam-pe-dro Gó-mez, V. Vi-cen-te Pa-la-cios, P. L. Sán-chez.  Apli-
 []


Underfull \hbox (badness 10000) in paragraph at lines 51--57
\T1/cmr/m/n/10 ca-cio-nes de la in-te-li-gen-cia ar-ti-fi-cial en car-dio-lo-gía: el fu-tu-ro ya es-tá aquí.  \T1/cmr/m/it/10 Re-vis-
 []


Underfull \hbox (badness 10000) in paragraph at lines 51--57
\T1/cmr/m/it/10 ta Es-pa-ño-la de Car-dio-lo-gía\T1/cmr/m/n/10 , 72(12):1065--1075, 2019.  ISSN 03008932.  DOI [][]$\T1/cmtt/m/n/10 https :
 []


Underfull \hbox (badness 10000) in paragraph at lines 51--57
\T1/cmtt/m/n/10 / / doi . org / 10 . 1016 / j . recesp . 2019 . 05 . 016$[][]\T1/cmr/m/n/10 .  URL [][]$\T1/cmtt/m/n/10 https : / / www . revespcardiol . org /
 []


Underfull \hbox (badness 2409) in paragraph at lines 71--76
[]\T1/cmr/m/n/10 R. Jen-ni-fer S., P. Ram, P. Isi-do-ros, S. Yong.  \T1/cmr/m/it/10 In-te-lli-gent Sus-tai-na-ble Sys-tems: Pro-cee-dings of
 []


Underfull \hbox (badness 2111) in paragraph at lines 71--76
\T1/cmr/m/it/10 ICISS 2021 (Lec-tu-re No-tes in Net-works and Sys-tems, 213)\T1/cmr/m/n/10 .  Sprin-ger, 1st ed. 2022 edi-ción,
 []


Underfull \hbox (badness 3439) in paragraph at lines 71--76
\T1/cmr/m/n/10 2021.  ISBN 9811624216,9789811624216.  URL [][]$\T1/cmtt/m/n/10 http : / / gen . lib . rus . ec / book / index . php ? md5 =
 []

File: images/logo.png Graphic file (type png)
<use images/logo.png>
Package pdftex.def Info: images/logo.png  used on input line 76.
(pdftex.def)             Requested size: 34.14322pt x 32.68881pt.
[68

]
Underfull \hbox (badness 10000) in paragraph at lines 115--120
[]\T1/cmr/m/n/10 K. Pra-bu, T. Ra-vi-ku-mar.  Ar-duino and rasp-berry pi ba-sed ef-fi-cient pa-tient mo-ni-to-
 []


Underfull \hbox (badness 10000) in paragraph at lines 115--120
\T1/cmr/m/n/10 ring sys-tem.  \T1/cmr/m/it/10 In-ter-na-tio-nal Jour-nal of En-gi-nee-ring Re-search & Tech-no-logy (IJERT)
 []


Underfull \hbox (badness 10000) in paragraph at lines 115--120
\T1/cmr/m/it/10 ICE-TET\T1/cmr/m/n/10 , Vo-lu-me 4, 2016.  ISSN 2278-0181.  URL [][]$\T1/cmtt/m/n/10 https : / / www . ijert . org /
 []

[69])
File: images/logo.png Graphic file (type png)
<use images/logo.png>
Package pdftex.def Info: images/logo.png  used on input line 222.
(pdftex.def)             Requested size: 34.14322pt x 32.68881pt.
 [70] (./Main.aux (./portada.aux)
LaTeX Info: Redefining \. on input line 21.
LaTeX Info: Redefining \% on input line 21.
LaTeX Info: Redefining \. on input line 22.
LaTeX Info: Redefining \% on input line 22.
 (./resumen.aux
LaTeX Info: Redefining \. on input line 3.
LaTeX Info: Redefining \% on input line 3.
LaTeX Info: Redefining \. on input line 5.
LaTeX Info: Redefining \% on input line 5.
))
 ***********
LaTeX2e <2023-06-01> patch level 1
L3 programming layer <2023-08-29>
 ***********


LaTeX Warning: There were multiply-defined labels.

Package rerunfilecheck Info: File `Main.out' has not changed.
(rerunfilecheck)             Checksum: F0EFDF3BB86C40C2046AA70E0D997149;7472.
 )
(\end occurred inside a group at level 1)

### semi simple group (level 1) entered at line 67 (\begingroup)
### bottom level 
Here is how much of TeX's memory you used:
 19666 strings out of 474934
 301495 string characters out of 5763809
 2523801 words of memory out of 5000000
 40206 multiletter control sequences out of 15000+600000
 580271 words of font info for 81 fonts, out of 8000000 for 9000
 1141 hyphenation exceptions out of 8191
 75i,16n,79p,1513b,7182s stack positions out of 10000i,1000n,20000p,200000b,200000s
<c:/texlive/2023/texmf-dist/fonts/type1/public/amsfonts/cm/cmex10.pfb><c:/texlive/2023/texmf-dist/fonts/type1/public/amsfonts/cmextra/cmex7.pfb><c:/texlive/2023/texmf-dist/fonts/type1/public/amsfonts/cm/cmmi10.pfb><c:/texlive/2023/texmf-dist/fonts/type1/public/amsfonts/cm/cmmi5.pfb><c:/texlive/2023/texmf-dist/fonts/type1/public/amsfonts/cm/cmmi7.pfb><c:/texlive/2023/texmf-dist/fonts/type1/public/amsfonts/cm/cmr10.pfb><c:/texlive/2023/texmf-dist/fonts/type1/public/amsfonts/cm/cmr5.pfb><c:/texlive/2023/texmf-dist/fonts/type1/public/amsfonts/cm/cmr7.pfb><c:/texlive/2023/texmf-dist/fonts/type1/public/amsfonts/cm/cmsy10.pfb><c:/texlive/2023/texmf-dist/fonts/type1/public/amsfonts/cm/cmsy5.pfb><c:/texlive/2023/texmf-dist/fonts/type1/public/amsfonts/cm/cmsy7.pfb><c:/texlive/2023/texmf-dist/fonts/type1/public/amsfonts/symbols/msbm10.pfb><c:/texlive/2023/texmf-dist/fonts/type1/public/cm-super/sfbi0900.pfb><c:/texlive/2023/texmf-dist/fonts/type1/public/cm-super/sfbx0800.pfb><c:/texlive/2023/texmf-dist/fonts/type1/public/cm-super/sfbx1000.pfb><c:/texlive/2023/texmf-dist/fonts/type1/public/cm-super/sfbx1200.pfb><c:/texlive/2023/texmf-dist/fonts/type1/public/cm-super/sfbx1440.pfb><c:/texlive/2023/texmf-dist/fonts/type1/public/cm-super/sfbx2074.pfb><c:/texlive/2023/texmf-dist/fonts/type1/public/cm-super/sfbx2488.pfb><c:/texlive/2023/texmf-dist/fonts/type1/public/cm-super/sfcc1440.pfb><c:/texlive/2023/texmf-dist/fonts/type1/public/cm-super/sfrm0500.pfb><c:/texlive/2023/texmf-dist/fonts/type1/public/cm-super/sfrm0800.pfb><c:/texlive/2023/texmf-dist/fonts/type1/public/cm-super/sfrm0900.pfb><c:/texlive/2023/texmf-dist/fonts/type1/public/cm-super/sfrm1000.pfb><c:/texlive/2023/texmf-dist/fonts/type1/public/cm-super/sfrm1200.pfb><c:/texlive/2023/texmf-dist/fonts/type1/public/cm-super/sfrm1440.pfb><c:/texlive/2023/texmf-dist/fonts/type1/public/cm-super/sfti0900.pfb><c:/texlive/2023/texmf-dist/fonts/type1/public/cm-super/sfti1000.pfb><c:/texlive/2023/texmf-dist/fonts/type1/public/cm-super/sfti1440.pfb><c:/texlive/2023/texmf-dist/fonts/type1/public/cm-super/sftt0800.pfb><c:/texlive/2023/texmf-dist/fonts/type1/public/cm-super/sftt1000.pfb>
Output written on Main.pdf (70 pages, 2619261 bytes).
PDF statistics:
 1912 PDF objects out of 2073 (max. 8388607)
 1679 compressed objects within 17 object streams
 693 named destinations out of 1000 (max. 500000)
 583 words of extra memory for PDF output out of 10000 (max. 10000000)

